<?xml version="1.0" encoding="UTF-8"?>
<!-- Generated by org.testng.reporters.JUnitReportReporter -->
<testsuite hostname="BharatNookala" failures="0" tests="1" name="demo.project.PracticePageTest_Button" time="5.220" errors="0" timestamp="23 Nov 2023 23:51:33 GMT">
  <testcase classname="demo.project.PracticePageTest_Button" name="TC01_Button" time="5.220"/>
</testsuite> <!-- demo.project.PracticePageTest_Button -->
