<?xml version="1.0" encoding="UTF-8"?>
<!-- Generated by org.testng.reporters.JUnitReportReporter -->
<testsuite hostname="BharatNookala" failures="0" tests="2" name="demo.project.PracticePageTest_Button2" time="17.773" errors="0" timestamp="24 Nov 2023 00:20:06 GMT">
  <testcase classname="demo.project.PracticePageTest_Button2" name="TC01_Radio" time="9.360"/>
  <testcase classname="demo.project.PracticePageTest_Button2" name="TC02_CheckBox" time="8.413"/>
</testsuite> <!-- demo.project.PracticePageTest_Button2 -->
