<?xml version="1.0" encoding="UTF-8"?>
<!-- Generated by org.testng.reporters.JUnitReportReporter -->
<testsuite hostname="BharatNookala" failures="0" tests="1" name="demo.project.PracticePageTest" time="5.121" errors="0" timestamp="23 Nov 2023 23:47:41 GMT">
  <testcase classname="demo.project.PracticePageTest" name="TC01_Radio" time="5.121"/>
</testsuite> <!-- demo.project.PracticePageTest -->
