<?xml version="1.0" encoding="UTF-8"?>
<!-- Generated by org.testng.reporters.JUnitReportReporter -->
<testsuite hostname="BharatNookala" failures="0" tests="1" name="demo.project.PracticePageTest_CheckBox" time="5.115" errors="0" timestamp="23 Nov 2023 23:49:46 GMT">
  <testcase classname="demo.project.PracticePageTest_CheckBox" name="TC01_CheckBox" time="5.115"/>
</testsuite> <!-- demo.project.PracticePageTest_CheckBox -->
