<?xml version="1.0" encoding="UTF-8"?>
<!-- Generated by org.testng.reporters.JUnitReportReporter -->
<testsuite skipped="0" hostname="JansBharatRiyu" name="RestAssuredBusyQA.RestAssuredBusyQA.restAssured_PATCH_Request" tests="1" failures="0" timestamp="28 Oct 2023 19:42:00 GMT" time="3.913" errors="0">
  <testcase name="patchDetails" time="3.913" classname="RestAssuredBusyQA.RestAssuredBusyQA.restAssured_PATCH_Request"/>
</testsuite> <!-- RestAssuredBusyQA.RestAssuredBusyQA.restAssured_PATCH_Request -->
