<?xml version="1.0" encoding="UTF-8"?>
<!-- Generated by org.testng.reporters.JUnitReportReporter -->
<testsuite skipped="0" hostname="JansBharatRiyu" name="RestAssuredBusyQA.RestAssuredBusyQA.restAssured_DELETE_request" tests="1" failures="0" timestamp="28 Oct 2023 19:48:22 GMT" time="2.525" errors="0">
  <testcase name="deleteRequest" time="2.525" classname="RestAssuredBusyQA.RestAssuredBusyQA.restAssured_DELETE_request"/>
</testsuite> <!-- RestAssuredBusyQA.RestAssuredBusyQA.restAssured_DELETE_request -->
