<?xml version="1.0" encoding="UTF-8"?>
<!-- Generated by org.testng.reporters.JUnitReportReporter -->
<testsuite skipped="0" hostname="JansBharatRiyu" name="RestAssuredBusyQA.RestAssuredBusyQA.restAssured_POST_Request" tests="1" failures="0" timestamp="28 Oct 2023 19:53:28 GMT" time="3.921" errors="0">
  <testcase name="postRequest" time="3.921" classname="RestAssuredBusyQA.RestAssuredBusyQA.restAssured_POST_Request"/>
</testsuite> <!-- RestAssuredBusyQA.RestAssuredBusyQA.restAssured_POST_Request -->
