<?xml version="1.0" encoding="UTF-8"?>
<!-- Generated by org.testng.reporters.JUnitReportReporter -->
<testsuite skipped="0" hostname="JansBharatRiyu" name="RestAssuredBusyQA.RestAssuredBusyQA.restAssured_GET_Request" tests="1" failures="0" timestamp="28 Oct 2023 18:54:56 GMT" time="3.544" errors="0">
  <testcase name="getDemo" time="3.544" classname="RestAssuredBusyQA.RestAssuredBusyQA.restAssured_GET_Request"/>
</testsuite> <!-- RestAssuredBusyQA.RestAssuredBusyQA.restAssured_GET_Request -->
