<?xml version="1.0" encoding="UTF-8"?>
<!-- Generated by org.testng.reporters.JUnitReportReporter -->
<testsuite skipped="0" hostname="JansBharatRiyu" name="RestAssuredBusyQA.RestAssuredBusyQA.restAssured_PUT_Request" tests="1" failures="0" timestamp="28 Oct 2023 19:40:42 GMT" time="3.803" errors="0">
  <testcase name="putDetails" time="3.803" classname="RestAssuredBusyQA.RestAssuredBusyQA.restAssured_PUT_Request"/>
</testsuite> <!-- RestAssuredBusyQA.RestAssuredBusyQA.restAssured_PUT_Request -->
